<?xml version="1.0" encoding="UTF-8"?>
<testng-results skipped="0" failed="0" ignored="0" total="1" passed="1">
  <reporter-output>
  </reporter-output>
  <suite name="NewEmptyTestNGTest" duration-ms="2208" started-at="2018-07-10T10:27:57Z" finished-at="2018-07-10T10:28:00Z">
    <groups>
    </groups>
    <test name="Command line test" duration-ms="2208" started-at="2018-07-10T10:27:57Z" finished-at="2018-07-10T10:28:00Z">
      <class name="NewEmptyTestNGTest">
        <test-method status="PASS" signature="setUpClass()[pri:0, instance:NewEmptyTestNGTest@1a407d53]" name="setUpClass" is-config="true" duration-ms="1904" started-at="2018-07-10T10:27:57Z" finished-at="2018-07-10T10:27:59Z">
          <reporter-output>
          </reporter-output>
        </test-method> <!-- setUpClass -->
        <test-method status="PASS" signature="Status_Code()[pri:0, instance:NewEmptyTestNGTest@1a407d53]" name="Status_Code" duration-ms="287" started-at="2018-07-10T10:27:59Z" finished-at="2018-07-10T10:28:00Z">
          <reporter-output>
          </reporter-output>
        </test-method> <!-- Status_Code -->
      </class> <!-- NewEmptyTestNGTest -->
    </test> <!-- Command line test -->
  </suite> <!-- NewEmptyTestNGTest -->
</testng-results>
